18.1713 	WARNING 	Font Manager failed to load file /System/Library/PrivateFrameworks/FontServices.framework/Resources/Reserved/PingFangUI.ttc
18.2345 	WARNING 	Font Manager failed to load file /System/Library/PrivateFrameworks/FontServices.framework/Resources/Reserved/PingFangUI.ttc
18.2647 	INFO 	Loaded monitor calibration from ['2025_08_07 09:41']
18.4190 	INFO 	Using renderer 'Apple M1' for graphics
18.4190 	INFO 	OpenGL version supported by driver is 2..
18.4529 	EXP 	Created window1 = Window(allowGUI=True, allowStencil=False, autoLog=True, backendConf=UNKNOWN, backgroundFit=<method-wrapper '__getattribute__' of attributeSetter object at 0x154782980>, backgroundImage=<method-wrapper '__getattribute__' of attributeSetter object at 0x1547829e0>, bitsMode=UNKNOWN, blendMode='avg', bpc=(8, 8, 8), color=array([0, 0, 0]), colorSpace='rgb', depthBits=8, fullscr=False, gamma=None, gammaErrorPolicy='raise', infoMsg=UNKNOWN, lms=UNKNOWN, monitor=<psychopy.monitors.calibTools.Monitor object at 0x1547fac20>, multiSample=False, name='window1', numSamples=2, pos=[np.float64(220.0), np.float64(150.0)], screen=0, size=array([2000, 1200]), stencilBits=0, stereo=False, title='PsychoPy', units='height', useFBO=True, useRetina=True, viewOri=0.0, viewPos=None, viewScale=None, waitBlanking=True, winType='pyglet')
18.4530 	EXP 	window1: backgroundImage = ''
18.4530 	EXP 	window1: backgroundFit = 'none'
18.7851 	EXP 	window1: Attempting to measure frame rate of screen (0) ...
18.7851 	EXP 	window1: recordFrameIntervals = False
18.9949 	EXP 	window1: recordFrameIntervals = True
19.8265 	WARNING 	Couldn't measure a consistent frame rate!
  - Is your graphics card set to sync to vertical blank?
  - Are you running other processes on your computer?

20.6452 	INFO 	keyboard.Keyboard is using ptb backend.
20.8314 	INFO 	keyboard.Keyboard is using ptb backend.
20.8314 	EXP 	Staircase: status = STARTED
20.8377 	EXP 	Created fixation = ShapeStim(__class__=<class 'psychopy.visual.shape.ShapeStim'>, anchor=('center', 'center'), autoDraw=False, autoLog=True, closeShape=True, color=method-wrapper(...), colorSpace='rgb', contrast=None, depth=-1.0, draggable=False, fillColor=array([1, 1, 1]), fillColorSpace='rgb', fillRGB=array([1, 1, 1]), interpolate=True, lineColor=array([1., 1., 1.]), lineColorSpace='rgb', lineRGB=array([1, 1, 1]), lineWidth=1.0, name='fixation', opacity=1, ori=0.0, pos=array([0., 0.]), size=array([0.1, 0.1]), units='height', vertices=ndarray(...), win=Window(...), windingRule=None)
20.8413 	EXP 	Created grating = GratingStim(__class__=<class 'psychopy.visual.grating.GratingStim'>, anchor='center', autoDraw=False, autoLog=True, blendmode='avg', color=array([0.5, 0.5, 0.5]), colorSpace='rgb', contrast=0.5, depth=-2.0, draggable=False, interpolate=True, mask='gauss', maskParams=None, name='grating', opacity=1, ori=1.0, phase=array([0., 0.]), pos=array([0., 0.]), rgbPedestal=array([0., 0., 0.]), sf=array([8., 8.]), size=array([0.3, 0.3]), tex='sin', texRes=128.0, units='height', win=Window(...))
0.0029 	WARNING 	Increasing number of minimum required reversals to the number of step sizes, (4).
0.0558 	WARNING 	t of last frame was 53.17ms (=1/18)
0.0558 	EXP 	grating: ori = np.float64(-10.0)
0.0558 	EXP 	fixation: autoDraw = True
0.5250 	INFO 	Keyboard events cleared
0.5248 	WARNING 	t of last frame was 39.59ms (=1/25)
0.5248 	EXP 	grating: autoDraw = True
0.5248 	EXP 	grating: tex = 'sin'
0.5518 	EXP 	fixation: autoDraw = False
0.8206 	EXP 	grating: autoDraw = False
2.6276 	EXP 	Device response: <KeyPress from None: t=2.380954374995781, value=left, duration=None>
2.6278 	EXP 	Device response: <KeyPress from None: t=2.380954374995781, value=left, duration=0.13388087500061374>
2.6493 	DATA 	Keypress: left
2.6521 	WARNING 	t of last frame was 266.63ms (=1/3)
2.6521 	EXP 	fixation: autoDraw = False
2.6521 	EXP 	grating: autoDraw = False
2.6521 	EXP 	grating: ori = np.float64(-8.0)
2.6521 	EXP 	fixation: autoDraw = True
2.7883 	EXP 	Device response: <KeyPress from None: t=2.7856586659909226, value=left, duration=None>
2.8002 	DATA 	Keypress: left
2.9695 	EXP 	Device response: <KeyPress from None: t=2.7856586659909226, value=left, duration=0.17643087499891408>
3.1247 	INFO 	Keyboard events cleared
3.1244 	EXP 	grating: autoDraw = True
3.1392 	EXP 	fixation: autoDraw = False
3.4226 	EXP 	grating: autoDraw = False
6.0208 	EXP 	Device response: <KeyPress from None: t=6.0118127500027185, value=left, duration=None>
6.0263 	DATA 	Keypress: left
6.0295 	EXP 	fixation: autoDraw = False
6.0295 	EXP 	grating: autoDraw = False
6.0295 	EXP 	grating: ori = np.float64(-6.0)
6.0295 	EXP 	fixation: autoDraw = True
6.1870 	EXP 	Device response: <KeyPress from None: t=6.0118127500027185, value=left, duration=0.1723831659910502>
6.5189 	INFO 	Keyboard events cleared
6.5187 	EXP 	grating: autoDraw = True
6.5227 	EXP 	fixation: autoDraw = False
6.8067 	EXP 	grating: autoDraw = False
7.9907 	EXP 	Device response: <KeyPress from None: t=7.988678875000915, value=left, duration=None>
7.9957 	DATA 	Keypress: left
8.0016 	EXP 	fixation: autoDraw = False
8.0016 	EXP 	grating: autoDraw = False
8.0016 	EXP 	grating: ori = np.float64(-4.0)
8.0016 	EXP 	fixation: autoDraw = True
8.1202 	EXP 	Device response: <KeyPress from None: t=7.988678875000915, value=left, duration=0.1286206660006428>
8.4909 	INFO 	Keyboard events cleared
8.4907 	EXP 	fixation: autoDraw = False
8.4907 	EXP 	grating: autoDraw = True
8.7893 	EXP 	grating: autoDraw = False
9.3041 	EXP 	Device response: <KeyPress from None: t=9.292670625000028, value=left, duration=None>
9.3094 	DATA 	Keypress: left
9.3125 	EXP 	fixation: autoDraw = False
9.3125 	EXP 	grating: autoDraw = False
9.3125 	EXP 	grating: ori = np.float64(-2.0)
9.3125 	EXP 	fixation: autoDraw = True
9.4703 	EXP 	Device response: <KeyPress from None: t=9.292670625000028, value=left, duration=0.16840179100108799>
9.8023 	INFO 	Keyboard events cleared
9.8021 	EXP 	grating: autoDraw = True
9.8067 	EXP 	fixation: autoDraw = False
10.0894 	EXP 	grating: autoDraw = False
11.1541 	EXP 	Device response: <KeyPress from None: t=11.142658707991359, value=left, duration=None>
11.1594 	DATA 	Keypress: left
11.1626 	EXP 	fixation: autoDraw = False
11.1626 	EXP 	grating: autoDraw = False
11.1626 	EXP 	grating: ori = np.float64(1.0)
11.1626 	EXP 	fixation: autoDraw = True
11.3204 	EXP 	Device response: <KeyPress from None: t=11.142658707991359, value=left, duration=0.17265916700125672>
11.6524 	INFO 	Keyboard events cleared
11.6522 	EXP 	grating: autoDraw = True
11.6571 	EXP 	fixation: autoDraw = False
11.9395 	EXP 	grating: autoDraw = False
12.1925 	WARNING 	t of last frame was 40.34ms (=1/24)
12.3541 	EXP 	Device response: <KeyPress from None: t=12.350016582990065, value=left, duration=None>
12.3601 	DATA 	Keypress: left
12.3633 	EXP 	fixation: autoDraw = False
12.3633 	EXP 	grating: autoDraw = False
12.3633 	EXP 	grating: ori = np.float64(-2.0)
12.3633 	EXP 	fixation: autoDraw = True
12.5031 	EXP 	Device response: <KeyPress from None: t=12.350016582990065, value=left, duration=0.14814708300400525>
12.8524 	INFO 	Keyboard events cleared
12.8522 	EXP 	grating: autoDraw = True
12.8564 	EXP 	fixation: autoDraw = False
13.1391 	EXP 	grating: autoDraw = False
13.5208 	EXP 	Device response: <KeyPress from None: t=13.515977499992005, value=right, duration=None>
13.5261 	DATA 	Keypress: right
13.5293 	EXP 	fixation: autoDraw = False
13.5293 	EXP 	grating: autoDraw = False
13.5293 	EXP 	grating: ori = np.float64(3.0)
13.5293 	EXP 	fixation: autoDraw = True
13.7077 	EXP 	Device response: <KeyPress from None: t=13.515977499992005, value=right, duration=0.18802516600408126>
14.0191 	INFO 	Keyboard events cleared
14.0189 	EXP 	grating: autoDraw = True
14.0231 	EXP 	fixation: autoDraw = False
14.3063 	EXP 	grating: autoDraw = False
15.0036 	EXP 	Device response: <KeyPress from None: t=14.993710499998997, value=right, duration=None>
15.0088 	DATA 	Keypress: right
15.0120 	EXP 	fixation: autoDraw = False
15.0120 	EXP 	grating: autoDraw = False
15.0120 	EXP 	grating: ori = np.float64(-3.0)
15.0120 	EXP 	fixation: autoDraw = True
15.1872 	EXP 	Device response: <KeyPress from None: t=14.993710499998997, value=right, duration=0.1802284159930423>
15.5023 	INFO 	Keyboard events cleared
15.5022 	EXP 	grating: autoDraw = True
15.5060 	EXP 	fixation: autoDraw = False
15.7892 	EXP 	grating: autoDraw = False
16.9208 	EXP 	Device response: <KeyPress from None: t=16.916074790991843, value=right, duration=None>
16.9263 	DATA 	Keypress: right
16.9296 	EXP 	fixation: autoDraw = False
16.9296 	EXP 	grating: autoDraw = False
16.9296 	EXP 	grating: ori = np.float64(-4.0)
16.9296 	EXP 	fixation: autoDraw = True
17.1039 	EXP 	Device response: <KeyPress from None: t=16.916074790991843, value=right, duration=0.175931000005221>
17.4192 	INFO 	Keyboard events cleared
17.4190 	EXP 	grating: autoDraw = True
17.4232 	EXP 	fixation: autoDraw = False
17.7063 	EXP 	grating: autoDraw = False
18.1875 	EXP 	Device response: <KeyPress from None: t=18.175691957992967, value=right, duration=None>
18.1929 	DATA 	Keypress: right
18.1960 	EXP 	fixation: autoDraw = False
18.1960 	EXP 	grating: autoDraw = False
18.1960 	EXP 	grating: ori = np.float64(-5.0)
18.1960 	EXP 	fixation: autoDraw = True
18.3540 	EXP 	Device response: <KeyPress from None: t=18.175691957992967, value=right, duration=0.1726390830008313>
18.6858 	INFO 	Keyboard events cleared
18.6856 	EXP 	grating: autoDraw = True
18.6898 	EXP 	fixation: autoDraw = False
18.9730 	EXP 	grating: autoDraw = False
19.2593 	EXP 	Device response: <KeyPress from None: t=19.25373933299852, value=right, duration=None>
19.2641 	DATA 	Keypress: right
19.2685 	EXP 	fixation: autoDraw = False
19.2685 	EXP 	grating: autoDraw = False
19.2685 	EXP 	grating: ori = np.float64(6.0)
19.2685 	EXP 	fixation: autoDraw = True
19.4209 	EXP 	Device response: <KeyPress from None: t=19.25373933299852, value=right, duration=0.16063058299187105>
19.7576 	INFO 	Keyboard events cleared
19.7574 	EXP 	fixation: autoDraw = False
19.7574 	EXP 	grating: autoDraw = True
20.0565 	EXP 	grating: autoDraw = False
20.7709 	EXP 	Device response: <KeyPress from None: t=20.76079341598961, value=left, duration=None>
20.7756 	DATA 	Keypress: left
20.7788 	EXP 	fixation: autoDraw = False
20.7788 	EXP 	grating: autoDraw = False
20.7788 	EXP 	grating: ori = np.float64(-7.0)
20.7788 	EXP 	fixation: autoDraw = True
20.8873 	EXP 	Device response: <KeyPress from None: t=20.76079341598961, value=left, duration=0.12063012500584591>
21.2693 	INFO 	Keyboard events cleared
21.2691 	EXP 	grating: autoDraw = True
21.2730 	EXP 	fixation: autoDraw = False
21.5561 	EXP 	grating: autoDraw = False
21.8374 	EXP 	Device response: <KeyPress from None: t=21.831001624988858, value=left, duration=None>
21.8425 	DATA 	Keypress: left
21.8458 	EXP 	fixation: autoDraw = False
21.8458 	EXP 	grating: autoDraw = False
21.8458 	EXP 	grating: ori = np.float64(7.0)
21.8458 	EXP 	fixation: autoDraw = True
21.9743 	EXP 	Device response: <KeyPress from None: t=21.831001624988858, value=left, duration=0.1399798750062473>
22.3359 	INFO 	Keyboard events cleared
22.3357 	EXP 	grating: autoDraw = True
22.3399 	EXP 	fixation: autoDraw = False
22.6227 	EXP 	grating: autoDraw = False
23.1710 	EXP 	Device response: <KeyPress from None: t=23.15767899999628, value=right, duration=None>
23.1761 	DATA 	Keypress: right
23.1792 	EXP 	fixation: autoDraw = False
23.1792 	EXP 	grating: autoDraw = False
23.1792 	EXP 	grating: ori = np.float64(-7.0)
23.1792 	EXP 	fixation: autoDraw = True
23.3375 	EXP 	Device response: <KeyPress from None: t=23.15767899999628, value=right, duration=0.1684066250018077>
23.6694 	INFO 	Keyboard events cleared
23.6692 	EXP 	grating: autoDraw = True
23.6734 	EXP 	fixation: autoDraw = False
23.9564 	EXP 	grating: autoDraw = False
24.8711 	EXP 	Device response: <KeyPress from None: t=24.86416849998932, value=right, duration=None>
24.8765 	DATA 	Keypress: right
24.8796 	EXP 	fixation: autoDraw = False
24.8796 	EXP 	grating: autoDraw = False
24.8796 	EXP 	grating: ori = np.float64(-8.0)
24.8796 	EXP 	fixation: autoDraw = True
25.0546 	EXP 	Device response: <KeyPress from None: t=24.86416849998932, value=right, duration=0.18420766601047944>
25.3694 	INFO 	Keyboard events cleared
25.3692 	EXP 	grating: autoDraw = True
25.3731 	EXP 	fixation: autoDraw = False
25.6564 	EXP 	grating: autoDraw = False
27.2040 	EXP 	Device response: <KeyPress from None: t=27.201912415999686, value=right, duration=None>
27.2090 	DATA 	Keypress: right
27.2133 	EXP 	fixation: autoDraw = False
27.2133 	EXP 	grating: autoDraw = False
27.2133 	EXP 	grating: ori = np.float64(-9.0)
27.2133 	EXP 	fixation: autoDraw = True
27.4040 	EXP 	Device response: <KeyPress from None: t=27.201912415999686, value=right, duration=0.19644762499956414>
27.7028 	INFO 	Keyboard events cleared
27.7026 	EXP 	grating: autoDraw = True
27.7077 	EXP 	fixation: autoDraw = False
27.9899 	EXP 	grating: autoDraw = False
28.8379 	EXP 	Device response: <KeyPress from None: t=28.824741290998645, value=right, duration=None>
28.8431 	DATA 	Keypress: right
28.8463 	EXP 	fixation: autoDraw = False
28.8463 	EXP 	grating: autoDraw = False
28.8463 	EXP 	grating: ori = np.float64(-10.0)
28.8463 	EXP 	fixation: autoDraw = True
28.9875 	EXP 	Device response: <KeyPress from None: t=28.824741290998645, value=right, duration=0.16058491700096056>
29.3362 	INFO 	Keyboard events cleared
29.3360 	EXP 	grating: autoDraw = True
29.3402 	EXP 	fixation: autoDraw = False
29.6230 	EXP 	grating: autoDraw = False
29.9879 	EXP 	Device response: <KeyPress from None: t=29.98600637499476, value=right, duration=None>
29.9925 	DATA 	Keypress: right
29.9955 	EXP 	fixation: autoDraw = False
29.9955 	EXP 	grating: autoDraw = False
29.9955 	EXP 	grating: ori = np.float64(11.0)
29.9955 	EXP 	fixation: autoDraw = True
30.1585 	EXP 	Device response: <KeyPress from None: t=29.98600637499476, value=right, duration=0.16810933299711905>
30.4862 	INFO 	Keyboard events cleared
30.4860 	EXP 	grating: autoDraw = True
30.4900 	EXP 	fixation: autoDraw = False
30.7733 	EXP 	grating: autoDraw = False
32.6425 	EXP 	Device response: <KeyPress from None: t=32.63991037500091, value=left, duration=None>
32.6477 	DATA 	Keypress: left
32.6522 	EXP 	fixation: autoDraw = False
32.6522 	EXP 	grating: autoDraw = False
32.6522 	EXP 	grating: ori = np.float64(12.0)
32.6522 	EXP 	fixation: autoDraw = True
32.8376 	EXP 	Device response: <KeyPress from None: t=32.63991037500091, value=left, duration=0.1842450409894809>
33.1409 	INFO 	Keyboard events cleared
33.1407 	EXP 	fixation: autoDraw = False
33.1407 	EXP 	grating: autoDraw = True
33.4361 	EXP 	grating: autoDraw = False
33.6381 	EXP 	Device response: <KeyPress from None: t=33.63010295799177, value=left, duration=None>
33.6434 	DATA 	Keypress: left
33.6465 	EXP 	fixation: autoDraw = False
33.6465 	EXP 	grating: autoDraw = False
33.6465 	EXP 	grating: ori = np.float64(-13.0)
33.6465 	EXP 	fixation: autoDraw = True
33.8041 	EXP 	Device response: <KeyPress from None: t=33.63010295799177, value=left, duration=0.1683839170000283>
34.1363 	INFO 	Keyboard events cleared
34.1361 	EXP 	grating: autoDraw = True
34.1400 	EXP 	fixation: autoDraw = False
34.4234 	EXP 	grating: autoDraw = False
35.4548 	EXP 	Device response: <KeyPress from None: t=35.445974000002025, value=left, duration=None>
35.4597 	DATA 	Keypress: left
35.4628 	EXP 	fixation: autoDraw = False
35.4628 	EXP 	grating: autoDraw = False
35.4628 	EXP 	grating: ori = np.float64(13.0)
35.4628 	EXP 	fixation: autoDraw = True
35.6213 	EXP 	Device response: <KeyPress from None: t=35.445974000002025, value=left, duration=0.1685052909888327>
35.9530 	INFO 	Keyboard events cleared
35.9528 	EXP 	grating: autoDraw = True
35.9568 	EXP 	fixation: autoDraw = False
36.2399 	EXP 	grating: autoDraw = False
36.5381 	EXP 	Device response: <KeyPress from None: t=36.533100332992035, value=right, duration=None>
36.5438 	DATA 	Keypress: right
36.5471 	EXP 	fixation: autoDraw = False
36.5471 	EXP 	grating: autoDraw = False
36.5471 	EXP 	grating: ori = np.float64(13.0)
36.5471 	EXP 	fixation: autoDraw = True
36.7044 	EXP 	Device response: <KeyPress from None: t=36.533100332992035, value=right, duration=0.16837008300353773>
37.0364 	INFO 	Keyboard events cleared
37.0362 	EXP 	grating: autoDraw = True
37.0402 	EXP 	fixation: autoDraw = False
37.3235 	EXP 	grating: autoDraw = False
37.5048 	EXP 	Device response: <KeyPress from None: t=37.49711825000122, value=right, duration=None>
37.5099 	DATA 	Keypress: right
37.5131 	EXP 	fixation: autoDraw = False
37.5131 	EXP 	grating: autoDraw = False
37.5131 	EXP 	grating: ori = np.float64(-12.0)
37.5131 	EXP 	fixation: autoDraw = True
37.6587 	EXP 	Device response: <KeyPress from None: t=37.49711825000122, value=right, duration=0.15613508300157264>
38.0029 	INFO 	Keyboard events cleared
38.0028 	EXP 	grating: autoDraw = True
38.0066 	EXP 	fixation: autoDraw = False
38.2901 	EXP 	grating: autoDraw = False
38.9048 	EXP 	Device response: <KeyPress from None: t=38.89282154099783, value=right, duration=None>
38.9101 	DATA 	Keypress: right
38.9132 	EXP 	fixation: autoDraw = False
38.9132 	EXP 	grating: autoDraw = False
38.9132 	EXP 	grating: ori = np.float64(12.5)
38.9132 	EXP 	fixation: autoDraw = True
39.0711 	EXP 	Device response: <KeyPress from None: t=38.89282154099783, value=right, duration=0.16436312500445638>
39.4031 	INFO 	Keyboard events cleared
39.4029 	EXP 	grating: autoDraw = True
39.4072 	EXP 	fixation: autoDraw = False
39.6909 	EXP 	grating: autoDraw = False
39.9715 	EXP 	Device response: <KeyPress from None: t=39.95989083299355, value=right, duration=None>
39.9769 	DATA 	Keypress: right
39.9801 	EXP 	fixation: autoDraw = False
39.9801 	EXP 	grating: autoDraw = False
39.9801 	EXP 	grating: ori = np.float64(-12.5)
39.9801 	EXP 	fixation: autoDraw = True
40.1215 	EXP 	Device response: <KeyPress from None: t=39.95989083299355, value=right, duration=0.1523640420055017>
40.4698 	INFO 	Keyboard events cleared
40.4696 	EXP 	grating: autoDraw = True
40.4739 	EXP 	fixation: autoDraw = False
40.7569 	EXP 	grating: autoDraw = False
40.8750 	EXP 	Device response: <KeyPress from None: t=40.87087887499365, value=right, duration=None>
40.8797 	DATA 	Keypress: right
40.8861 	EXP 	fixation: autoDraw = False
40.8861 	EXP 	grating: autoDraw = False
40.8861 	EXP 	grating: ori = np.float64(-13.0)
40.8861 	EXP 	fixation: autoDraw = True
41.0716 	EXP 	Device response: <KeyPress from None: t=40.87087887499365, value=right, duration=0.18825787500827573>
41.3756 	INFO 	Keyboard events cleared
41.3754 	EXP 	fixation: autoDraw = False
41.3754 	EXP 	grating: autoDraw = True
41.6736 	EXP 	grating: autoDraw = False
42.2383 	EXP 	Device response: <KeyPress from None: t=42.22687383300217, value=left, duration=None>
42.2434 	DATA 	Keypress: left
42.2464 	EXP 	fixation: autoDraw = False
42.2464 	EXP 	grating: autoDraw = False
42.2464 	EXP 	grating: ori = np.float64(13.0)
42.2464 	EXP 	fixation: autoDraw = True
42.3711 	EXP 	Device response: <KeyPress from None: t=42.22687383300217, value=left, duration=0.14069208299042657>
42.7365 	INFO 	Keyboard events cleared
42.7363 	EXP 	grating: autoDraw = True
42.7406 	EXP 	fixation: autoDraw = False
43.0239 	EXP 	grating: autoDraw = False
43.4715 	EXP 	Device response: <KeyPress from None: t=43.469098582994775, value=left, duration=None>
43.4761 	DATA 	Keypress: left
43.4792 	EXP 	fixation: autoDraw = False
43.4792 	EXP 	grating: autoDraw = False
43.4792 	EXP 	grating: ori = np.float64(-13.5)
43.4792 	EXP 	fixation: autoDraw = True
43.6049 	EXP 	Device response: <KeyPress from None: t=43.469098582994775, value=left, duration=0.12413250000099652>
43.9699 	INFO 	Keyboard events cleared
43.9697 	EXP 	grating: autoDraw = True
43.9740 	EXP 	fixation: autoDraw = False
44.2570 	EXP 	grating: autoDraw = False
44.5916 	EXP 	Device response: <KeyPress from None: t=44.58789020800032, value=left, duration=None>
44.5959 	DATA 	Keypress: left
44.6030 	EXP 	fixation: autoDraw = False
44.6030 	EXP 	grating: autoDraw = False
44.6030 	EXP 	grating: ori = np.float64(13.5)
44.6030 	EXP 	fixation: autoDraw = True
44.7215 	EXP 	Device response: <KeyPress from None: t=44.58789020800032, value=left, duration=0.12871816699043848>
45.0913 	INFO 	Keyboard events cleared
45.0911 	EXP 	fixation: autoDraw = False
45.0911 	EXP 	grating: autoDraw = True
45.3864 	EXP 	grating: autoDraw = False
45.6390 	EXP 	Device response: <KeyPress from None: t=45.62496720800118, value=right, duration=None>
45.6443 	DATA 	Keypress: right
45.6475 	EXP 	fixation: autoDraw = False
45.6475 	EXP 	grating: autoDraw = False
45.6475 	EXP 	grating: ori = np.float64(-13.5)
45.6475 	EXP 	fixation: autoDraw = True
45.7912 	EXP 	Device response: <KeyPress from None: t=45.62496720800118, value=right, duration=0.1642112499976065>
46.1366 	INFO 	Keyboard events cleared
46.1365 	EXP 	grating: autoDraw = True
46.1409 	EXP 	fixation: autoDraw = False
46.4242 	EXP 	grating: autoDraw = False
47.0884 	EXP 	Device response: <KeyPress from None: t=47.07792279099522, value=left, duration=None>
47.0934 	DATA 	Keypress: left
47.0965 	EXP 	fixation: autoDraw = False
47.0965 	EXP 	grating: autoDraw = False
47.0965 	EXP 	grating: ori = np.float64(13.0)
47.0965 	EXP 	fixation: autoDraw = True
47.2550 	EXP 	Device response: <KeyPress from None: t=47.07792279099522, value=left, duration=0.16843545899610035>
47.5869 	INFO 	Keyboard events cleared
47.5867 	EXP 	grating: autoDraw = True
47.5915 	EXP 	fixation: autoDraw = False
47.8738 	EXP 	grating: autoDraw = False
48.0551 	EXP 	Device response: <KeyPress from None: t=48.04716200000257, value=left, duration=None>
48.0601 	DATA 	Keypress: left
48.0632 	EXP 	fixation: autoDraw = False
48.0632 	EXP 	grating: autoDraw = False
48.0632 	EXP 	grating: ori = np.float64(13.5)
48.0632 	EXP 	fixation: autoDraw = True
48.2048 	EXP 	Device response: <KeyPress from None: t=48.04716200000257, value=left, duration=0.14404949999880046>
48.5533 	INFO 	Keyboard events cleared
48.5532 	EXP 	grating: autoDraw = True
48.5574 	EXP 	fixation: autoDraw = False
48.8406 	EXP 	grating: autoDraw = False
49.1217 	EXP 	Device response: <KeyPress from None: t=49.115163333000964, value=left, duration=None>
49.1267 	DATA 	Keypress: left
49.1298 	EXP 	fixation: autoDraw = False
49.1298 	EXP 	grating: autoDraw = False
49.1298 	EXP 	grating: ori = np.float64(-14.0)
49.1298 	EXP 	fixation: autoDraw = True
49.2880 	EXP 	Device response: <KeyPress from None: t=49.115163333000964, value=left, duration=0.16011512499244418>
49.6201 	INFO 	Keyboard events cleared
49.6199 	EXP 	grating: autoDraw = True
49.6242 	EXP 	fixation: autoDraw = False
49.9072 	EXP 	grating: autoDraw = False
49.9254 	EXP 	Device response: <KeyPress from None: t=49.922973249995266, value=left, duration=None>
49.9298 	DATA 	Keypress: left
49.9365 	EXP 	fixation: autoDraw = False
49.9365 	EXP 	grating: autoDraw = False
49.9365 	EXP 	grating: ori = np.float64(14.0)
49.9365 	EXP 	fixation: autoDraw = True
50.0882 	EXP 	Device response: <KeyPress from None: t=49.922973249995266, value=left, duration=0.15219454100588337>
50.4258 	INFO 	Keyboard events cleared
50.4256 	EXP 	fixation: autoDraw = False
50.4256 	EXP 	grating: autoDraw = True
50.6884 	EXP 	Device response: <KeyPress from None: t=50.68427170799987, value=left, duration=None>
50.6935 	DATA 	Keypress: left
50.6966 	EXP 	fixation: autoDraw = False
50.6966 	EXP 	grating: autoDraw = False
50.6966 	EXP 	grating: ori = np.float64(14.5)
50.6966 	EXP 	fixation: autoDraw = True
50.8218 	EXP 	Device response: <KeyPress from None: t=50.68427170799987, value=left, duration=0.13233241699344944>
51.1868 	INFO 	Keyboard events cleared
51.1866 	EXP 	grating: autoDraw = True
51.1908 	EXP 	fixation: autoDraw = False
51.4739 	EXP 	grating: autoDraw = False
51.5216 	EXP 	Device response: <KeyPress from None: t=51.50797999999486, value=right, duration=None>
51.5260 	DATA 	Keypress: right
51.5290 	EXP 	fixation: autoDraw = False
51.5290 	EXP 	grating: autoDraw = False
51.5290 	EXP 	grating: ori = np.float64(14.5)
51.5290 	EXP 	fixation: autoDraw = True
51.6882 	EXP 	Device response: <KeyPress from None: t=51.50797999999486, value=right, duration=0.1682931249961257>
52.0201 	INFO 	Keyboard events cleared
52.0199 	EXP 	grating: autoDraw = True
52.0239 	EXP 	fixation: autoDraw = False
52.3071 	EXP 	grating: autoDraw = False
52.3716 	EXP 	Device response: <KeyPress from None: t=52.36825074999069, value=left, duration=None>
52.3765 	DATA 	Keypress: left
52.3796 	EXP 	fixation: autoDraw = False
52.3796 	EXP 	grating: autoDraw = False
52.3796 	EXP 	grating: ori = np.float64(15.0)
52.3796 	EXP 	fixation: autoDraw = True
52.5551 	EXP 	Device response: <KeyPress from None: t=52.36825074999069, value=left, duration=0.17602087500563357>
52.8701 	INFO 	Keyboard events cleared
52.8699 	EXP 	grating: autoDraw = True
52.8741 	EXP 	fixation: autoDraw = False
53.1553 	EXP 	Device response: <KeyPress from None: t=53.15219612499641, value=left, duration=None>
53.1605 	DATA 	Keypress: left
53.1636 	EXP 	grating: autoDraw = False
53.1636 	EXP 	fixation: autoDraw = False
53.1636 	EXP 	grating: autoDraw = False
53.1636 	EXP 	grating: ori = np.float64(-15.5)
53.1636 	EXP 	fixation: autoDraw = True
53.2880 	EXP 	Device response: <KeyPress from None: t=53.15219612499641, value=left, duration=0.12409287500486244>
53.6536 	INFO 	Keyboard events cleared
53.6534 	EXP 	grating: autoDraw = True
53.6581 	EXP 	fixation: autoDraw = False
53.9385 	EXP 	Device response: <KeyPress from None: t=53.931216375000076, value=left, duration=None>
53.9435 	DATA 	Keypress: left
53.9465 	EXP 	grating: autoDraw = False
53.9465 	EXP 	fixation: autoDraw = False
53.9465 	EXP 	grating: autoDraw = False
53.9465 	EXP 	grating: ori = np.float64(-15.5)
53.9465 	EXP 	fixation: autoDraw = True
54.0549 	EXP 	Device response: <KeyPress from None: t=53.931216375000076, value=left, duration=0.11206337499606889>
54.4369 	INFO 	Keyboard events cleared
54.4367 	EXP 	grating: autoDraw = True
54.4410 	EXP 	fixation: autoDraw = False
54.7228 	EXP 	grating: autoDraw = False
54.7541 	EXP 	Device response: <KeyPress from None: t=54.74002804099291, value=left, duration=None>
54.7570 	DATA 	Keypress: left
54.7597 	EXP 	fixation: autoDraw = False
54.7597 	EXP 	grating: autoDraw = False
54.7597 	EXP 	grating: ori = np.float64(-15.5)
54.7597 	EXP 	fixation: autoDraw = True
54.8884 	EXP 	Device response: <KeyPress from None: t=54.74002804099291, value=left, duration=0.1446452920063166>
55.2427 	INFO 	Keyboard events cleared
55.2426 	EXP 	grating: autoDraw = True
55.2533 	EXP 	fixation: autoDraw = False
55.5404 	EXP 	grating: autoDraw = False
55.6218 	EXP 	Device response: <KeyPress from None: t=55.616328415999305, value=left, duration=None>
55.6267 	DATA 	Keypress: left
55.6297 	EXP 	fixation: autoDraw = False
55.6297 	EXP 	grating: autoDraw = False
55.6297 	EXP 	grating: ori = np.float64(-15.0)
55.6297 	EXP 	fixation: autoDraw = True
55.7549 	EXP 	Device response: <KeyPress from None: t=55.616328415999305, value=left, duration=0.13223041700257454>
56.1202 	INFO 	Keyboard events cleared
56.1200 	EXP 	grating: autoDraw = True
56.1240 	EXP 	fixation: autoDraw = False
56.4075 	EXP 	grating: autoDraw = False
56.4586 	EXP 	Device response: <KeyPress from None: t=56.45496262499364, value=left, duration=None>
56.4629 	DATA 	Keypress: left
56.4700 	EXP 	fixation: autoDraw = False
56.4700 	EXP 	grating: autoDraw = False
56.4700 	EXP 	grating: ori = np.float64(15.0)
56.4700 	EXP 	fixation: autoDraw = True
56.6050 	EXP 	Device response: <KeyPress from None: t=56.45496262499364, value=left, duration=0.1404106660047546>
56.9536 	INFO 	Keyboard events cleared
56.9534 	EXP 	grating: autoDraw = True
56.9576 	EXP 	fixation: autoDraw = False
57.2405 	EXP 	grating: autoDraw = False
57.2752 	EXP 	Device response: <KeyPress from None: t=57.274003957994864, value=left, duration=None>
57.2792 	DATA 	Keypress: left
57.2867 	EXP 	fixation: autoDraw = False
57.2867 	EXP 	grating: autoDraw = False
57.2867 	EXP 	grating: ori = np.float64(15.5)
57.2867 	EXP 	fixation: autoDraw = True
57.4382 	EXP 	Device response: <KeyPress from None: t=57.274003957994864, value=left, duration=0.15655737499764655>
57.7703 	INFO 	Keyboard events cleared
57.7701 	EXP 	grating: autoDraw = True
57.7743 	EXP 	fixation: autoDraw = False
58.0218 	EXP 	Device response: <KeyPress from None: t=58.01204212498851, value=left, duration=None>
58.0269 	DATA 	Keypress: left
58.0299 	EXP 	fixation: autoDraw = False
58.0299 	EXP 	grating: autoDraw = False
58.0299 	EXP 	grating: ori = np.float64(-16.0)
58.0299 	EXP 	fixation: autoDraw = True
58.1718 	EXP 	Device response: <KeyPress from None: t=58.01204212498851, value=left, duration=0.14825266601110343>
58.5203 	INFO 	Keyboard events cleared
58.5201 	EXP 	grating: autoDraw = True
58.5241 	EXP 	fixation: autoDraw = False
58.8075 	EXP 	grating: autoDraw = False
58.8417 	EXP 	Device response: <KeyPress from None: t=58.84003870798915, value=left, duration=None>
58.8463 	DATA 	Keypress: left
58.8534 	EXP 	fixation: autoDraw = False
58.8534 	EXP 	grating: autoDraw = False
58.8534 	EXP 	grating: ori = np.float64(16.0)
58.8534 	EXP 	fixation: autoDraw = True
58.9883 	EXP 	Device response: <KeyPress from None: t=58.84003870798915, value=left, duration=0.14466508300392888>
59.3369 	INFO 	Keyboard events cleared
59.3368 	EXP 	grating: autoDraw = True
59.3410 	EXP 	fixation: autoDraw = False
59.6238 	EXP 	grating: autoDraw = False
60.1053 	EXP 	Device response: <KeyPress from None: t=60.10318437499518, value=right, duration=None>
60.1100 	DATA 	Keypress: right
60.1131 	EXP 	fixation: autoDraw = False
60.1131 	EXP 	grating: autoDraw = False
60.1131 	EXP 	grating: ori = np.float64(16.0)
60.1131 	EXP 	fixation: autoDraw = True
60.2885 	EXP 	Device response: <KeyPress from None: t=60.10318437499518, value=right, duration=0.17207304100156762>
60.6039 	INFO 	Keyboard events cleared
60.6037 	EXP 	grating: autoDraw = True
60.6076 	EXP 	fixation: autoDraw = False
60.8718 	EXP 	Device response: <KeyPress from None: t=60.86430787500285, value=right, duration=None>
60.8770 	DATA 	Keypress: right
60.8800 	EXP 	fixation: autoDraw = False
60.8800 	EXP 	grating: autoDraw = False
60.8800 	EXP 	grating: ori = np.float64(15.5)
60.8800 	EXP 	fixation: autoDraw = True
61.0219 	EXP 	Device response: <KeyPress from None: t=60.86430787500285, value=right, duration=0.15244016599899624>
61.3704 	INFO 	Keyboard events cleared
61.3702 	EXP 	grating: autoDraw = True
61.3744 	EXP 	fixation: autoDraw = False
61.6574 	EXP 	grating: autoDraw = False
62.1555 	EXP 	Device response: <KeyPress from None: t=62.150349957999424, value=right, duration=None>
62.1604 	DATA 	Keypress: right
62.1636 	EXP 	fixation: autoDraw = False
62.1636 	EXP 	grating: autoDraw = False
62.1636 	EXP 	grating: ori = np.float64(15.5)
62.1636 	EXP 	fixation: autoDraw = True
62.3555 	EXP 	Device response: <KeyPress from None: t=62.150349957999424, value=right, duration=0.19192758300050627>
62.6537 	INFO 	Keyboard events cleared
62.6536 	EXP 	grating: autoDraw = True
62.6575 	EXP 	fixation: autoDraw = False
62.9387 	EXP 	Device response: <KeyPress from None: t=62.93016983299458, value=right, duration=None>
62.9433 	DATA 	Keypress: right
62.9464 	EXP 	grating: autoDraw = False
62.9464 	EXP 	fixation: autoDraw = False
62.9464 	EXP 	grating: autoDraw = False
62.9464 	EXP 	grating: ori = np.float64(15.5)
62.9464 	EXP 	fixation: autoDraw = True
63.0921 	EXP 	Device response: <KeyPress from None: t=62.93016983299458, value=right, duration=0.16014350000477862>
63.4371 	INFO 	Keyboard events cleared
63.4369 	EXP 	grating: autoDraw = True
63.4408 	EXP 	fixation: autoDraw = False
63.6101 	EXP 	Device response: <KeyPress from None: t=63.604159082999104, value=right, duration=None>
63.6138 	DATA 	Keypress: right
63.6200 	EXP 	fixation: autoDraw = False
63.6200 	EXP 	grating: autoDraw = False
63.6200 	EXP 	Staircase: status = STOPPED
63.6386 	INFO 	saved data to '/Users/urvathacker/Documents/data/892926_Staircase_2025-09-01_21h54.37.304.csv'
63.6394 	INFO 	saved data to /Users/urvathacker/Documents/data/892926_Staircase_2025-09-01_21h54.37.304.psydat
63.6427 	WARNING 	Multiple dropped frames have occurred - I'll stop bothering you about them!
63.8123 	WARNING 	Stopping key buffers but this could be dangerous ifother keyboards rely on the same.
63.8124 	WARNING 	Stopping key buffers but this could be dangerous ifother keyboards rely on the same.
